<?xml version="1.0" encoding="UTF-8"?>
<testsuite name="DieTest" tests="1" skipped="0" failures="0" errors="0" timestamp="2019-09-03T17:18:59" hostname="Jackie" time="0.006">
  <properties/>
  <testcase name="getPits" classname="DieTest" time="0.006"/>
  <system-out><![CDATA[You rolled a 6
]]></system-out>
  <system-err><![CDATA[]]></system-err>
</testsuite>
